<?xml version="1.0" encoding="UTF-8"?>
<!-- Generated by org.testng.reporters.JUnitReportReporter -->
<testsuite skipped="0" hostname="phanguru" name="com.training.sanity.tests.GroupElearing" tests="1" failures="0" timestamp="27 Jun 2019 04:50:18 GMT" time="58.798" errors="0">
  <testcase name="validLoginTest" time="58.798" classname="com.training.sanity.tests.GroupElearing"/>
</testsuite> <!-- com.training.sanity.tests.GroupElearing -->
