<?xml version="1.0" encoding="UTF-8"?>
<!-- Generated by org.testng.reporters.JUnitReportReporter -->
<testsuite skipped="0" hostname="phanguru" name="com.training.sanity.tests.Loginelearing" tests="1" failures="0" timestamp="18 Jun 2019 04:09:03 GMT" time="59.023" errors="0">
  <testcase name="validLoginTest" time="59.023" classname="com.training.sanity.tests.Loginelearing"/>
</testsuite> <!-- com.training.sanity.tests.Loginelearing -->
