<?xml version="1.0" encoding="UTF-8"?>
<!-- Generated by org.testng.reporters.JUnitReportReporter -->
<testsuite skipped="0" hostname="phanguru" name="com.training.sanity.tests.LoginTests" tests="1" failures="0" timestamp="18 Jun 2019 05:26:44 GMT" time="27.285" errors="0">
  <testcase name="validLoginTest" time="27.285" classname="com.training.sanity.tests.LoginTests"/>
</testsuite> <!-- com.training.sanity.tests.LoginTests -->
