<?xml version="1.0" encoding="UTF-8"?>
<!-- Generated by org.testng.reporters.JUnitReportReporter -->
<testsuite skipped="0" hostname="phanguru" name="com.training.regression.tests.LoginDBTest" tests="2" failures="0" timestamp="25 Jun 2019 05:21:07 GMT" time="30.014" errors="0">
  <testcase name="loginDBTest" time="11.771" classname="com.training.regression.tests.LoginDBTest"/>
  <testcase name="loginDBTest" time="18.243" classname="com.training.regression.tests.LoginDBTest"/>
</testsuite> <!-- com.training.regression.tests.LoginDBTest -->
