<?xml version="1.0" encoding="UTF-8"?>
<!-- Generated by org.testng.reporters.JUnitReportReporter -->
<testsuite skipped="0" hostname="phanguru" name="com.training.sanity.tests.LostPassword" tests="1" failures="0" timestamp="19 Jun 2019 07:00:05 GMT" time="25.284" errors="0">
  <testcase name="validLoginTest" time="25.284" classname="com.training.sanity.tests.LostPassword"/>
</testsuite> <!-- com.training.sanity.tests.LostPassword -->
